2022-09-26 09:24:27,907 [Worker-7: Loading available Gradle versions] INFO  o.e.b.c.i.u.g.PublishedGradleVersions - Gradle version information cache is out-of-date. Trying to update.
2022-09-26 09:30:41,105 [Worker-1: Loading available Gradle versions] INFO  o.e.b.c.i.u.g.PublishedGradleVersions - Gradle version information cache is up-to-date. Trying to read.
2022-09-26 09:38:06,894 [Worker-15: Creating project "TestNGSimpleApplication"] INFO  o.e.m.c.i.l.LifecycleMappingFactory - Using org.eclipse.m2e.jdt.JarLifecycleMapping lifecycle mapping for MavenProject: TestingProject:TestNGSimpleApplication:0.0.1-SNAPSHOT @ C:\Users\bava\eclipse_workspace\phase-5-programs\TestNGSimpleApplication\pom.xml.
2022-09-26 09:38:07,509 [Worker-15: Creating project "TestNGSimpleApplication"] INFO  o.e.m.j.i.AbstractJavaProjectConfigurator - Adding source folder /TestNGSimpleApplication/src/main/java
2022-09-26 09:38:07,510 [Worker-15: Creating project "TestNGSimpleApplication"] INFO  o.e.m.j.i.AbstractJavaProjectConfigurator - Adding resource folder /TestNGSimpleApplication/src/main/resources
2022-09-26 09:38:07,511 [Worker-15: Creating project "TestNGSimpleApplication"] INFO  o.e.m.j.i.AbstractJavaProjectConfigurator - Adding source folder /TestNGSimpleApplication/src/test/java
2022-09-26 09:38:07,511 [Worker-15: Creating project "TestNGSimpleApplication"] INFO  o.e.m.j.i.AbstractJavaProjectConfigurator - Adding resource folder /TestNGSimpleApplication/src/test/resources
2022-09-26 09:38:09,181 [Worker-15: Building] WARN  o.e.m.c.i.embedder.EclipseLogger - Using platform encoding (Cp1252 actually) to copy filtered resources, i.e. build is platform dependent!
2022-09-26 09:38:09,196 [Worker-15: Building] INFO  o.e.m.c.i.embedder.EclipseLogger - Copying 0 resource
2022-09-26 09:38:09,198 [Worker-15: Building] WARN  o.e.m.c.i.embedder.EclipseLogger - Using platform encoding (Cp1252 actually) to copy filtered resources, i.e. build is platform dependent!
2022-09-26 09:38:09,200 [Worker-15: Building] INFO  o.e.m.c.i.embedder.EclipseLogger - Copying 0 resource
2022-09-26 09:43:00,327 [Worker-21: Building] INFO  o.e.m.c.i.l.LifecycleMappingFactory - Using org.eclipse.m2e.jdt.JarLifecycleMapping lifecycle mapping for MavenProject: TestingProject:TestNGSimpleApplication:0.0.1-SNAPSHOT @ C:\Users\bava\eclipse_workspace\phase-5-programs\TestNGSimpleApplication\pom.xml.
2022-09-26 09:43:00,525 [Worker-21: Building] INFO  o.e.m.c.i.embedder.EclipseLogger - Using 'UTF-8' encoding to copy filtered resources.
2022-09-26 09:43:00,526 [Worker-21: Building] INFO  o.e.m.c.i.embedder.EclipseLogger - Copying 0 resource
2022-09-26 09:43:00,529 [Worker-21: Building] INFO  o.e.m.c.i.embedder.EclipseLogger - Using 'UTF-8' encoding to copy filtered resources.
2022-09-26 09:43:00,529 [Worker-21: Building] INFO  o.e.m.c.i.embedder.EclipseLogger - Copying 0 resource
2022-09-26 09:43:01,978 [Worker-25: Building] INFO  o.e.m.c.i.embedder.EclipseLogger - Using 'UTF-8' encoding to copy filtered resources.
2022-09-26 09:43:01,980 [Worker-25: Building] INFO  o.e.m.c.i.embedder.EclipseLogger - Copying 0 resource
2022-09-26 09:43:01,982 [Worker-25: Building] INFO  o.e.m.c.i.embedder.EclipseLogger - Using 'UTF-8' encoding to copy filtered resources.
2022-09-26 09:43:01,982 [Worker-25: Building] INFO  o.e.m.c.i.embedder.EclipseLogger - Copying 0 resource
2022-09-26 09:43:02,564 [Worker-21: Download sources and javadoc] INFO  o.e.m.c.i.e.AbstractTransferListenerAdapter - Downloading https://repo.maven.apache.org/maven2/org/testng/testng/7.1.0/testng-7.1.0-sources.jar
2022-09-26 09:43:03,390 [Worker-21: Download sources and javadoc] INFO  o.e.m.c.i.e.AbstractTransferListenerAdapter - Downloaded https://repo.maven.apache.org/maven2/org/testng/testng/7.1.0/testng-7.1.0-sources.jar
2022-09-26 09:43:03,395 [Worker-21: Download sources and javadoc] INFO  o.e.m.j.internal.DownloadSourcesJob - Downloaded sources for org.testng:testng:7.1.0
2022-09-26 09:43:04,009 [Worker-21: Download sources and javadoc] INFO  o.e.m.c.i.e.AbstractTransferListenerAdapter - Downloading https://repo.maven.apache.org/maven2/com/beust/jcommander/1.72/jcommander-1.72-sources.jar
2022-09-26 09:43:04,339 [Worker-21: Download sources and javadoc] INFO  o.e.m.c.i.e.AbstractTransferListenerAdapter - Downloaded https://repo.maven.apache.org/maven2/com/beust/jcommander/1.72/jcommander-1.72-sources.jar
2022-09-26 09:43:04,343 [Worker-21: Download sources and javadoc] INFO  o.e.m.j.internal.DownloadSourcesJob - Downloaded sources for com.beust:jcommander:1.72
2022-09-26 09:43:04,926 [Worker-21: Download sources and javadoc] INFO  o.e.m.c.i.e.AbstractTransferListenerAdapter - Downloading https://repo.maven.apache.org/maven2/aopalliance/aopalliance/1.0/aopalliance-1.0-sources.jar
2022-09-26 09:43:05,213 [Worker-21: Download sources and javadoc] INFO  o.e.m.c.i.e.AbstractTransferListenerAdapter - Downloaded https://repo.maven.apache.org/maven2/aopalliance/aopalliance/1.0/aopalliance-1.0-sources.jar
2022-09-26 09:43:05,220 [Worker-21: Download sources and javadoc] INFO  o.e.m.j.internal.DownloadSourcesJob - Downloaded sources for aopalliance:aopalliance:1.0
2022-09-26 09:43:05,844 [Worker-21: Download sources and javadoc] INFO  o.e.m.c.i.e.AbstractTransferListenerAdapter - Downloading https://repo.maven.apache.org/maven2/org/yaml/snakeyaml/1.21/snakeyaml-1.21-sources.jar
2022-09-26 09:43:06,342 [Worker-21: Download sources and javadoc] INFO  o.e.m.c.i.e.AbstractTransferListenerAdapter - Downloaded https://repo.maven.apache.org/maven2/org/yaml/snakeyaml/1.21/snakeyaml-1.21-sources.jar
2022-09-26 09:43:06,351 [Worker-21: Download sources and javadoc] INFO  o.e.m.j.internal.DownloadSourcesJob - Downloaded sources for org.yaml:snakeyaml:1.21
2022-09-26 09:43:06,525 [Worker-27: Building] INFO  o.e.m.c.i.embedder.EclipseLogger - Using 'UTF-8' encoding to copy filtered resources.
2022-09-26 09:43:06,526 [Worker-27: Building] INFO  o.e.m.c.i.embedder.EclipseLogger - Copying 0 resource
2022-09-26 09:43:06,527 [Worker-27: Building] INFO  o.e.m.c.i.embedder.EclipseLogger - Using 'UTF-8' encoding to copy filtered resources.
2022-09-26 09:43:06,528 [Worker-27: Building] INFO  o.e.m.c.i.embedder.EclipseLogger - Copying 0 resource
2022-09-26 09:43:13,473 [Worker-23: Updating Maven Project] INFO  o.e.m.c.i.p.ProjectConfigurationManager - Update started
2022-09-26 09:43:13,778 [Worker-23: Updating Maven Project] INFO  o.e.m.c.i.l.LifecycleMappingFactory - Using org.eclipse.m2e.jdt.JarLifecycleMapping lifecycle mapping for MavenProject: TestingProject:TestNGSimpleApplication:0.0.1-SNAPSHOT @ C:\Users\bava\eclipse_workspace\phase-5-programs\TestNGSimpleApplication\pom.xml.
2022-09-26 09:43:13,926 [Worker-23: Updating Maven Project] INFO  o.e.m.j.i.AbstractJavaProjectConfigurator - Adding source folder /TestNGSimpleApplication/src/main/java
2022-09-26 09:43:13,927 [Worker-23: Updating Maven Project] INFO  o.e.m.j.i.AbstractJavaProjectConfigurator - Adding resource folder /TestNGSimpleApplication/src/main/resources
2022-09-26 09:43:13,935 [Worker-23: Updating Maven Project] INFO  o.e.m.j.i.AbstractJavaProjectConfigurator - Adding source folder /TestNGSimpleApplication/src/test/java
2022-09-26 09:43:13,935 [Worker-23: Updating Maven Project] INFO  o.e.m.j.i.AbstractJavaProjectConfigurator - Adding resource folder /TestNGSimpleApplication/src/test/resources
2022-09-26 09:43:14,030 [Worker-23: Updating Maven Project] INFO  o.e.m.c.i.p.ProjectConfigurationManager - Update completed: 0 sec
2022-09-26 09:43:14,202 [Worker-21: Building] INFO  o.e.m.c.i.embedder.EclipseLogger - Using 'UTF-8' encoding to copy filtered resources.
2022-09-26 09:43:14,203 [Worker-21: Building] INFO  o.e.m.c.i.embedder.EclipseLogger - Copying 0 resource
2022-09-26 09:43:14,205 [Worker-21: Building] INFO  o.e.m.c.i.embedder.EclipseLogger - Using 'UTF-8' encoding to copy filtered resources.
2022-09-26 09:43:14,205 [Worker-21: Building] INFO  o.e.m.c.i.embedder.EclipseLogger - Copying 0 resource
2022-09-26 09:44:22,707 [Worker-21: Building] INFO  o.e.m.c.i.embedder.EclipseLogger - Using 'UTF-8' encoding to copy filtered resources.
2022-09-26 09:44:22,709 [Worker-21: Building] INFO  o.e.m.c.i.embedder.EclipseLogger - Copying 0 resource
2022-09-26 09:44:22,712 [Worker-21: Building] INFO  o.e.m.c.i.embedder.EclipseLogger - Using 'UTF-8' encoding to copy filtered resources.
2022-09-26 09:44:22,712 [Worker-21: Building] INFO  o.e.m.c.i.embedder.EclipseLogger - Copying 0 resource
2022-09-26 09:44:23,735 [Worker-21: Building] INFO  o.e.m.c.i.embedder.EclipseLogger - Using 'UTF-8' encoding to copy filtered resources.
2022-09-26 09:44:23,736 [Worker-21: Building] INFO  o.e.m.c.i.embedder.EclipseLogger - Copying 0 resource
2022-09-26 09:44:23,738 [Worker-21: Building] INFO  o.e.m.c.i.embedder.EclipseLogger - Using 'UTF-8' encoding to copy filtered resources.
2022-09-26 09:44:23,738 [Worker-21: Building] INFO  o.e.m.c.i.embedder.EclipseLogger - Copying 0 resource
2022-09-26 09:48:02,138 [Worker-29: Building] INFO  o.e.m.c.i.embedder.EclipseLogger - Using 'UTF-8' encoding to copy filtered resources.
2022-09-26 09:48:02,139 [Worker-29: Building] INFO  o.e.m.c.i.embedder.EclipseLogger - Copying 0 resource
2022-09-26 09:48:02,142 [Worker-29: Building] INFO  o.e.m.c.i.embedder.EclipseLogger - Using 'UTF-8' encoding to copy filtered resources.
2022-09-26 09:48:02,143 [Worker-29: Building] INFO  o.e.m.c.i.embedder.EclipseLogger - Copying 0 resource
2022-09-26 09:54:20,980 [Worker-30: Launching OperationTest] INFO  o.e.m.c.i.embedder.EclipseLogger - Using 'UTF-8' encoding to copy filtered resources.
2022-09-26 09:54:20,982 [Worker-30: Launching OperationTest] INFO  o.e.m.c.i.embedder.EclipseLogger - Copying 0 resource
2022-09-26 09:54:20,984 [Worker-30: Launching OperationTest] INFO  o.e.m.c.i.embedder.EclipseLogger - Using 'UTF-8' encoding to copy filtered resources.
2022-09-26 09:54:20,985 [Worker-30: Launching OperationTest] INFO  o.e.m.c.i.embedder.EclipseLogger - Copying 0 resource
2022-09-26 09:55:05,622 [Worker-30: Launching OperationTest] INFO  o.e.m.c.i.embedder.EclipseLogger - Using 'UTF-8' encoding to copy filtered resources.
2022-09-26 09:55:05,622 [Worker-30: Launching OperationTest] INFO  o.e.m.c.i.embedder.EclipseLogger - Copying 0 resource
2022-09-26 09:55:05,622 [Worker-30: Launching OperationTest] INFO  o.e.m.c.i.embedder.EclipseLogger - Using 'UTF-8' encoding to copy filtered resources.
2022-09-26 09:55:05,624 [Worker-30: Launching OperationTest] INFO  o.e.m.c.i.embedder.EclipseLogger - Copying 0 resource
2022-09-26 10:00:49,555 [Worker-37: Building] INFO  o.e.m.c.i.embedder.EclipseLogger - Using 'UTF-8' encoding to copy filtered resources.
2022-09-26 10:00:49,555 [Worker-37: Building] INFO  o.e.m.c.i.embedder.EclipseLogger - Copying 0 resource
2022-09-26 10:00:49,557 [Worker-37: Building] INFO  o.e.m.c.i.embedder.EclipseLogger - Using 'UTF-8' encoding to copy filtered resources.
2022-09-26 10:00:49,558 [Worker-37: Building] INFO  o.e.m.c.i.embedder.EclipseLogger - Copying 0 resource
2022-09-26 10:04:20,606 [Worker-38: Launching OperationTest] INFO  o.e.m.c.i.embedder.EclipseLogger - Using 'UTF-8' encoding to copy filtered resources.
2022-09-26 10:04:20,607 [Worker-38: Launching OperationTest] INFO  o.e.m.c.i.embedder.EclipseLogger - Copying 0 resource
2022-09-26 10:04:20,610 [Worker-38: Launching OperationTest] INFO  o.e.m.c.i.embedder.EclipseLogger - Using 'UTF-8' encoding to copy filtered resources.
2022-09-26 10:04:20,611 [Worker-38: Launching OperationTest] INFO  o.e.m.c.i.embedder.EclipseLogger - Copying 0 resource
2022-09-26 10:10:11,528 [Worker-39: Launching OperationTest] INFO  o.e.m.c.i.embedder.EclipseLogger - Using 'UTF-8' encoding to copy filtered resources.
2022-09-26 10:10:11,529 [Worker-39: Launching OperationTest] INFO  o.e.m.c.i.embedder.EclipseLogger - Copying 0 resource
2022-09-26 10:10:11,530 [Worker-39: Launching OperationTest] INFO  o.e.m.c.i.embedder.EclipseLogger - Using 'UTF-8' encoding to copy filtered resources.
2022-09-26 10:10:11,531 [Worker-39: Launching OperationTest] INFO  o.e.m.c.i.embedder.EclipseLogger - Copying 0 resource
2022-09-26 10:13:13,881 [Worker-39: Building] INFO  o.e.m.c.i.embedder.EclipseLogger - Using 'UTF-8' encoding to copy filtered resources.
2022-09-26 10:13:13,881 [Worker-39: Building] INFO  o.e.m.c.i.embedder.EclipseLogger - Copying 0 resource
2022-09-26 10:13:13,883 [Worker-39: Building] INFO  o.e.m.c.i.embedder.EclipseLogger - Using 'UTF-8' encoding to copy filtered resources.
2022-09-26 10:13:13,883 [Worker-39: Building] INFO  o.e.m.c.i.embedder.EclipseLogger - Copying 0 resource
2022-09-26 10:16:34,133 [Worker-44: Building] INFO  o.e.m.c.i.embedder.EclipseLogger - Using 'UTF-8' encoding to copy filtered resources.
2022-09-26 10:16:34,133 [Worker-44: Building] INFO  o.e.m.c.i.embedder.EclipseLogger - Copying 0 resource
2022-09-26 10:16:34,135 [Worker-44: Building] INFO  o.e.m.c.i.embedder.EclipseLogger - Using 'UTF-8' encoding to copy filtered resources.
2022-09-26 10:16:34,135 [Worker-44: Building] INFO  o.e.m.c.i.embedder.EclipseLogger - Copying 0 resource
2022-09-26 10:27:54,771 [Worker-49: Building] INFO  o.e.m.c.i.embedder.EclipseLogger - Using 'UTF-8' encoding to copy filtered resources.
2022-09-26 10:27:54,772 [Worker-49: Building] INFO  o.e.m.c.i.embedder.EclipseLogger - Copying 0 resource
2022-09-26 10:27:54,774 [Worker-49: Building] INFO  o.e.m.c.i.embedder.EclipseLogger - Using 'UTF-8' encoding to copy filtered resources.
2022-09-26 10:27:54,774 [Worker-49: Building] INFO  o.e.m.c.i.embedder.EclipseLogger - Copying 0 resource
2022-09-26 10:42:07,071 [Worker-52: Building] INFO  o.e.m.c.i.embedder.EclipseLogger - Using 'UTF-8' encoding to copy filtered resources.
2022-09-26 10:42:07,071 [Worker-52: Building] INFO  o.e.m.c.i.embedder.EclipseLogger - Copying 0 resource
2022-09-26 10:42:07,073 [Worker-52: Building] INFO  o.e.m.c.i.embedder.EclipseLogger - Using 'UTF-8' encoding to copy filtered resources.
2022-09-26 10:42:07,073 [Worker-52: Building] INFO  o.e.m.c.i.embedder.EclipseLogger - Copying 0 resource
2022-09-26 10:42:47,715 [Worker-52: Launching AccountServiceTest.depositTest] INFO  o.e.m.c.i.embedder.EclipseLogger - Using 'UTF-8' encoding to copy filtered resources.
2022-09-26 10:42:47,716 [Worker-52: Launching AccountServiceTest.depositTest] INFO  o.e.m.c.i.embedder.EclipseLogger - Copying 0 resource
2022-09-26 10:42:47,717 [Worker-52: Launching AccountServiceTest.depositTest] INFO  o.e.m.c.i.embedder.EclipseLogger - Using 'UTF-8' encoding to copy filtered resources.
2022-09-26 10:42:47,718 [Worker-52: Launching AccountServiceTest.depositTest] INFO  o.e.m.c.i.embedder.EclipseLogger - Copying 0 resource
2022-09-26 10:50:41,506 [Worker-52: Launching AccountServiceTest] INFO  o.e.m.c.i.embedder.EclipseLogger - Using 'UTF-8' encoding to copy filtered resources.
2022-09-26 10:50:41,507 [Worker-52: Launching AccountServiceTest] INFO  o.e.m.c.i.embedder.EclipseLogger - Copying 0 resource
2022-09-26 10:50:41,508 [Worker-52: Launching AccountServiceTest] INFO  o.e.m.c.i.embedder.EclipseLogger - Using 'UTF-8' encoding to copy filtered resources.
2022-09-26 10:50:41,509 [Worker-52: Launching AccountServiceTest] INFO  o.e.m.c.i.embedder.EclipseLogger - Copying 0 resource
2022-09-26 10:53:05,667 [Worker-60: Building] INFO  o.e.m.c.i.l.LifecycleMappingFactory - Using org.eclipse.m2e.jdt.JarLifecycleMapping lifecycle mapping for MavenProject: TestingProject:TestNGSimpleApplication:0.0.1-SNAPSHOT @ C:\Users\bava\eclipse_workspace\phase-5-programs\TestNGSimpleApplication\pom.xml.
2022-09-26 10:53:05,859 [Worker-60: Building] INFO  o.e.m.c.i.embedder.EclipseLogger - Using 'UTF-8' encoding to copy filtered resources.
2022-09-26 10:53:05,861 [Worker-60: Building] INFO  o.e.m.c.i.embedder.EclipseLogger - Copying 0 resource
2022-09-26 10:53:05,864 [Worker-60: Building] INFO  o.e.m.c.i.embedder.EclipseLogger - Using 'UTF-8' encoding to copy filtered resources.
2022-09-26 10:53:05,865 [Worker-60: Building] INFO  o.e.m.c.i.embedder.EclipseLogger - Copying 0 resource
2022-09-26 10:53:07,241 [Worker-63: Building] INFO  o.e.m.c.i.embedder.EclipseLogger - Using 'UTF-8' encoding to copy filtered resources.
2022-09-26 10:53:07,241 [Worker-63: Building] INFO  o.e.m.c.i.embedder.EclipseLogger - Copying 0 resource
2022-09-26 10:53:07,242 [Worker-63: Building] INFO  o.e.m.c.i.embedder.EclipseLogger - Using 'UTF-8' encoding to copy filtered resources.
2022-09-26 10:53:07,243 [Worker-63: Building] INFO  o.e.m.c.i.embedder.EclipseLogger - Copying 0 resource
2022-09-26 10:53:18,271 [Worker-61: Updating Maven Project] INFO  o.e.m.c.i.p.ProjectConfigurationManager - Update started
2022-09-26 10:53:18,612 [Worker-61: Updating Maven Project] INFO  o.e.m.c.i.l.LifecycleMappingFactory - Using org.eclipse.m2e.jdt.JarLifecycleMapping lifecycle mapping for MavenProject: TestingProject:TestNGSimpleApplication:0.0.1-SNAPSHOT @ C:\Users\bava\eclipse_workspace\phase-5-programs\TestNGSimpleApplication\pom.xml.
2022-09-26 10:53:18,772 [Worker-61: Updating Maven Project] INFO  o.e.m.j.i.AbstractJavaProjectConfigurator - Adding source folder /TestNGSimpleApplication/src/main/java
2022-09-26 10:53:18,773 [Worker-61: Updating Maven Project] INFO  o.e.m.j.i.AbstractJavaProjectConfigurator - Adding resource folder /TestNGSimpleApplication/src/main/resources
2022-09-26 10:53:18,774 [Worker-61: Updating Maven Project] INFO  o.e.m.j.i.AbstractJavaProjectConfigurator - Adding source folder /TestNGSimpleApplication/src/test/java
2022-09-26 10:53:18,774 [Worker-61: Updating Maven Project] INFO  o.e.m.j.i.AbstractJavaProjectConfigurator - Adding resource folder /TestNGSimpleApplication/src/test/resources
2022-09-26 10:53:18,865 [Worker-61: Updating Maven Project] INFO  o.e.m.c.i.p.ProjectConfigurationManager - Update completed: 0 sec
2022-09-26 10:53:19,065 [Worker-60: Building] INFO  o.e.m.c.i.embedder.EclipseLogger - Using 'UTF-8' encoding to copy filtered resources.
2022-09-26 10:53:19,066 [Worker-60: Building] INFO  o.e.m.c.i.embedder.EclipseLogger - Copying 0 resource
2022-09-26 10:53:19,067 [Worker-60: Building] INFO  o.e.m.c.i.embedder.EclipseLogger - Using 'UTF-8' encoding to copy filtered resources.
2022-09-26 10:53:19,068 [Worker-60: Building] INFO  o.e.m.c.i.embedder.EclipseLogger - Copying 0 resource
2022-09-26 10:54:03,069 [Worker-62: Launching AccountServiceTest] INFO  o.e.m.c.i.embedder.EclipseLogger - Using 'UTF-8' encoding to copy filtered resources.
2022-09-26 10:54:03,072 [Worker-62: Launching AccountServiceTest] INFO  o.e.m.c.i.embedder.EclipseLogger - Copying 0 resource
2022-09-26 10:54:03,074 [Worker-62: Launching AccountServiceTest] INFO  o.e.m.c.i.embedder.EclipseLogger - Using 'UTF-8' encoding to copy filtered resources.
2022-09-26 10:54:03,074 [Worker-62: Launching AccountServiceTest] INFO  o.e.m.c.i.embedder.EclipseLogger - Copying 0 resource
2022-09-26 11:32:18,372 [Worker-72: Launching AccountServiceTest] INFO  o.e.m.c.i.embedder.EclipseLogger - Using 'UTF-8' encoding to copy filtered resources.
2022-09-26 11:32:18,373 [Worker-72: Launching AccountServiceTest] INFO  o.e.m.c.i.embedder.EclipseLogger - Copying 0 resource
2022-09-26 11:32:18,375 [Worker-72: Launching AccountServiceTest] INFO  o.e.m.c.i.embedder.EclipseLogger - Using 'UTF-8' encoding to copy filtered resources.
2022-09-26 11:32:18,376 [Worker-72: Launching AccountServiceTest] INFO  o.e.m.c.i.embedder.EclipseLogger - Copying 0 resource
2022-09-26 11:32:52,012 [Worker-74: Launching AccountServiceTest] INFO  o.e.m.c.i.embedder.EclipseLogger - Using 'UTF-8' encoding to copy filtered resources.
2022-09-26 11:32:52,012 [Worker-74: Launching AccountServiceTest] INFO  o.e.m.c.i.embedder.EclipseLogger - Copying 0 resource
2022-09-26 11:32:52,013 [Worker-74: Launching AccountServiceTest] INFO  o.e.m.c.i.embedder.EclipseLogger - Using 'UTF-8' encoding to copy filtered resources.
2022-09-26 11:32:52,014 [Worker-74: Launching AccountServiceTest] INFO  o.e.m.c.i.embedder.EclipseLogger - Copying 0 resource
2022-09-26 11:33:18,437 [Worker-72: Launching AccountServiceTest] INFO  o.e.m.c.i.embedder.EclipseLogger - Using 'UTF-8' encoding to copy filtered resources.
2022-09-26 11:33:18,437 [Worker-72: Launching AccountServiceTest] INFO  o.e.m.c.i.embedder.EclipseLogger - Copying 0 resource
2022-09-26 11:33:18,438 [Worker-72: Launching AccountServiceTest] INFO  o.e.m.c.i.embedder.EclipseLogger - Using 'UTF-8' encoding to copy filtered resources.
2022-09-26 11:33:18,439 [Worker-72: Launching AccountServiceTest] INFO  o.e.m.c.i.embedder.EclipseLogger - Copying 0 resource
2022-09-26 11:51:13,854 [Worker-80: Launching AccountServiceTest] INFO  o.e.m.c.i.embedder.EclipseLogger - Using 'UTF-8' encoding to copy filtered resources.
2022-09-26 11:51:13,855 [Worker-80: Launching AccountServiceTest] INFO  o.e.m.c.i.embedder.EclipseLogger - Copying 0 resource
2022-09-26 11:51:13,856 [Worker-80: Launching AccountServiceTest] INFO  o.e.m.c.i.embedder.EclipseLogger - Using 'UTF-8' encoding to copy filtered resources.
2022-09-26 11:51:13,857 [Worker-80: Launching AccountServiceTest] INFO  o.e.m.c.i.embedder.EclipseLogger - Copying 0 resource
2022-09-26 11:54:54,636 [Worker-80: Launching AccountServiceTest] INFO  o.e.m.c.i.embedder.EclipseLogger - Using 'UTF-8' encoding to copy filtered resources.
2022-09-26 11:54:54,636 [Worker-80: Launching AccountServiceTest] INFO  o.e.m.c.i.embedder.EclipseLogger - Copying 0 resource
2022-09-26 11:54:54,637 [Worker-80: Launching AccountServiceTest] INFO  o.e.m.c.i.embedder.EclipseLogger - Using 'UTF-8' encoding to copy filtered resources.
2022-09-26 11:54:54,637 [Worker-80: Launching AccountServiceTest] INFO  o.e.m.c.i.embedder.EclipseLogger - Copying 0 resource
2022-09-26 11:56:22,342 [Worker-83: Launching AccountServiceTest] INFO  o.e.m.c.i.embedder.EclipseLogger - Using 'UTF-8' encoding to copy filtered resources.
2022-09-26 11:56:22,343 [Worker-83: Launching AccountServiceTest] INFO  o.e.m.c.i.embedder.EclipseLogger - Copying 0 resource
2022-09-26 11:56:22,344 [Worker-83: Launching AccountServiceTest] INFO  o.e.m.c.i.embedder.EclipseLogger - Using 'UTF-8' encoding to copy filtered resources.
2022-09-26 11:56:22,344 [Worker-83: Launching AccountServiceTest] INFO  o.e.m.c.i.embedder.EclipseLogger - Copying 0 resource
2022-09-26 11:56:54,857 [Worker-75: Launching AccountServiceTest] INFO  o.e.m.c.i.embedder.EclipseLogger - Using 'UTF-8' encoding to copy filtered resources.
2022-09-26 11:56:54,858 [Worker-75: Launching AccountServiceTest] INFO  o.e.m.c.i.embedder.EclipseLogger - Copying 0 resource
2022-09-26 11:56:54,859 [Worker-75: Launching AccountServiceTest] INFO  o.e.m.c.i.embedder.EclipseLogger - Using 'UTF-8' encoding to copy filtered resources.
2022-09-26 11:56:54,859 [Worker-75: Launching AccountServiceTest] INFO  o.e.m.c.i.embedder.EclipseLogger - Copying 0 resource
2022-09-26 12:25:47,900 [Worker-93: Launching AccountServiceTest] INFO  o.e.m.c.i.embedder.EclipseLogger - Using 'UTF-8' encoding to copy filtered resources.
2022-09-26 12:25:47,901 [Worker-93: Launching AccountServiceTest] INFO  o.e.m.c.i.embedder.EclipseLogger - Copying 0 resource
2022-09-26 12:25:47,902 [Worker-93: Launching AccountServiceTest] INFO  o.e.m.c.i.embedder.EclipseLogger - Using 'UTF-8' encoding to copy filtered resources.
2022-09-26 12:25:47,903 [Worker-93: Launching AccountServiceTest] INFO  o.e.m.c.i.embedder.EclipseLogger - Copying 0 resource
2022-09-26 12:27:57,738 [Worker-93: Launching AccountServiceTest] INFO  o.e.m.c.i.embedder.EclipseLogger - Using 'UTF-8' encoding to copy filtered resources.
2022-09-26 12:27:57,738 [Worker-93: Launching AccountServiceTest] INFO  o.e.m.c.i.embedder.EclipseLogger - Copying 0 resource
2022-09-26 12:27:57,740 [Worker-93: Launching AccountServiceTest] INFO  o.e.m.c.i.embedder.EclipseLogger - Using 'UTF-8' encoding to copy filtered resources.
2022-09-26 12:27:57,741 [Worker-93: Launching AccountServiceTest] INFO  o.e.m.c.i.embedder.EclipseLogger - Copying 0 resource
2022-09-26 12:30:26,012 [Worker-93: Launching AccountServiceTest] INFO  o.e.m.c.i.embedder.EclipseLogger - Using 'UTF-8' encoding to copy filtered resources.
2022-09-26 12:30:26,016 [Worker-93: Launching AccountServiceTest] INFO  o.e.m.c.i.embedder.EclipseLogger - Copying 0 resource
2022-09-26 12:30:26,018 [Worker-93: Launching AccountServiceTest] INFO  o.e.m.c.i.embedder.EclipseLogger - Using 'UTF-8' encoding to copy filtered resources.
2022-09-26 12:30:26,019 [Worker-93: Launching AccountServiceTest] INFO  o.e.m.c.i.embedder.EclipseLogger - Copying 0 resource
2022-09-26 12:32:56,201 [Worker-91: Launching AccountServiceTest] INFO  o.e.m.c.i.embedder.EclipseLogger - Using 'UTF-8' encoding to copy filtered resources.
2022-09-26 12:32:56,202 [Worker-91: Launching AccountServiceTest] INFO  o.e.m.c.i.embedder.EclipseLogger - Copying 0 resource
2022-09-26 12:32:56,205 [Worker-91: Launching AccountServiceTest] INFO  o.e.m.c.i.embedder.EclipseLogger - Using 'UTF-8' encoding to copy filtered resources.
2022-09-26 12:32:56,206 [Worker-91: Launching AccountServiceTest] INFO  o.e.m.c.i.embedder.EclipseLogger - Copying 0 resource
2022-09-26 12:34:26,620 [Worker-96: Launching AccountServiceTest] INFO  o.e.m.c.i.embedder.EclipseLogger - Using 'UTF-8' encoding to copy filtered resources.
2022-09-26 12:34:26,621 [Worker-96: Launching AccountServiceTest] INFO  o.e.m.c.i.embedder.EclipseLogger - Copying 0 resource
2022-09-26 12:34:26,623 [Worker-96: Launching AccountServiceTest] INFO  o.e.m.c.i.embedder.EclipseLogger - Using 'UTF-8' encoding to copy filtered resources.
2022-09-26 12:34:26,623 [Worker-96: Launching AccountServiceTest] INFO  o.e.m.c.i.embedder.EclipseLogger - Copying 0 resource
2022-09-26 13:03:20,953 [Worker-107: Launching AccountServiceTest] INFO  o.e.m.c.i.embedder.EclipseLogger - Using 'UTF-8' encoding to copy filtered resources.
2022-09-26 13:03:20,954 [Worker-107: Launching AccountServiceTest] INFO  o.e.m.c.i.embedder.EclipseLogger - Copying 0 resource
2022-09-26 13:03:20,955 [Worker-107: Launching AccountServiceTest] INFO  o.e.m.c.i.embedder.EclipseLogger - Using 'UTF-8' encoding to copy filtered resources.
2022-09-26 13:03:20,955 [Worker-107: Launching AccountServiceTest] INFO  o.e.m.c.i.embedder.EclipseLogger - Copying 0 resource
2022-09-26 13:04:19,060 [Worker-108: Building] INFO  o.e.m.c.i.embedder.EclipseLogger - Using 'UTF-8' encoding to copy filtered resources.
2022-09-26 13:04:19,060 [Worker-108: Building] INFO  o.e.m.c.i.embedder.EclipseLogger - Copying 0 resource
2022-09-26 13:04:19,062 [Worker-108: Building] INFO  o.e.m.c.i.embedder.EclipseLogger - Using 'UTF-8' encoding to copy filtered resources.
2022-09-26 13:04:19,062 [Worker-108: Building] INFO  o.e.m.c.i.embedder.EclipseLogger - Copying 0 resource
2022-09-26 13:04:50,859 [Worker-108: Building] INFO  o.e.m.c.i.embedder.EclipseLogger - Using 'UTF-8' encoding to copy filtered resources.
2022-09-26 13:04:50,860 [Worker-108: Building] INFO  o.e.m.c.i.embedder.EclipseLogger - Copying 0 resource
2022-09-26 13:04:50,860 [Worker-108: Building] INFO  o.e.m.c.i.embedder.EclipseLogger - Using 'UTF-8' encoding to copy filtered resources.
2022-09-26 13:04:50,861 [Worker-108: Building] INFO  o.e.m.c.i.embedder.EclipseLogger - Copying 0 resource
2022-09-26 13:05:19,688 [Worker-108: Building] INFO  o.e.m.c.i.embedder.EclipseLogger - Using 'UTF-8' encoding to copy filtered resources.
2022-09-26 13:05:19,688 [Worker-108: Building] INFO  o.e.m.c.i.embedder.EclipseLogger - Copying 0 resource
2022-09-26 13:05:19,690 [Worker-108: Building] INFO  o.e.m.c.i.embedder.EclipseLogger - Using 'UTF-8' encoding to copy filtered resources.
2022-09-26 13:05:19,690 [Worker-108: Building] INFO  o.e.m.c.i.embedder.EclipseLogger - Copying 0 resource
2022-09-26 18:57:34,504 [Worker-145: Building] INFO  o.e.m.c.i.embedder.EclipseLogger - Using 'UTF-8' encoding to copy filtered resources.
2022-09-26 18:57:34,504 [Worker-145: Building] INFO  o.e.m.c.i.embedder.EclipseLogger - Copying 0 resource
2022-09-26 18:57:34,506 [Worker-145: Building] INFO  o.e.m.c.i.embedder.EclipseLogger - Using 'UTF-8' encoding to copy filtered resources.
2022-09-26 18:57:34,506 [Worker-145: Building] INFO  o.e.m.c.i.embedder.EclipseLogger - Copying 0 resource
2022-09-27 09:09:38,836 [Worker-3: Loading available Gradle versions] INFO  o.e.b.c.i.u.g.PublishedGradleVersions - Gradle version information cache is up-to-date. Trying to read.
2022-09-27 09:12:16,621 [Worker-18: Building] INFO  o.e.m.c.i.embedder.EclipseLogger - Using 'UTF-8' encoding to copy filtered resources.
2022-09-27 09:12:16,637 [Worker-18: Building] INFO  o.e.m.c.i.embedder.EclipseLogger - Copying 0 resource
2022-09-27 09:12:16,641 [Worker-18: Building] INFO  o.e.m.c.i.embedder.EclipseLogger - Using 'UTF-8' encoding to copy filtered resources.
2022-09-27 09:12:16,642 [Worker-18: Building] INFO  o.e.m.c.i.embedder.EclipseLogger - Copying 0 resource
2022-09-27 09:14:46,481 [Worker-22: Building] INFO  o.e.m.c.i.embedder.EclipseLogger - Using 'UTF-8' encoding to copy filtered resources.
2022-09-27 09:14:46,485 [Worker-22: Building] INFO  o.e.m.c.i.embedder.EclipseLogger - Copying 0 resource
2022-09-27 09:14:46,487 [Worker-22: Building] INFO  o.e.m.c.i.embedder.EclipseLogger - Using 'UTF-8' encoding to copy filtered resources.
2022-09-27 09:14:46,496 [Worker-22: Building] INFO  o.e.m.c.i.embedder.EclipseLogger - Copying 0 resource
2022-09-27 09:17:15,302 [Worker-18: Launching HookTestingMethods] INFO  o.e.m.c.i.embedder.EclipseLogger - Using 'UTF-8' encoding to copy filtered resources.
2022-09-27 09:17:15,303 [Worker-18: Launching HookTestingMethods] INFO  o.e.m.c.i.embedder.EclipseLogger - Copying 0 resource
2022-09-27 09:17:15,307 [Worker-18: Launching HookTestingMethods] INFO  o.e.m.c.i.embedder.EclipseLogger - Using 'UTF-8' encoding to copy filtered resources.
2022-09-27 09:17:15,308 [Worker-18: Launching HookTestingMethods] INFO  o.e.m.c.i.embedder.EclipseLogger - Copying 0 resource
2022-09-27 09:18:03,817 [Worker-21: Building] INFO  o.e.m.c.i.embedder.EclipseLogger - Using 'UTF-8' encoding to copy filtered resources.
2022-09-27 09:18:03,818 [Worker-21: Building] INFO  o.e.m.c.i.embedder.EclipseLogger - Copying 0 resource
2022-09-27 09:18:03,819 [Worker-21: Building] INFO  o.e.m.c.i.embedder.EclipseLogger - Using 'UTF-8' encoding to copy filtered resources.
2022-09-27 09:18:03,820 [Worker-21: Building] INFO  o.e.m.c.i.embedder.EclipseLogger - Copying 0 resource
2022-09-27 09:20:09,236 [Worker-18: Launching HookTestingMethods] INFO  o.e.m.c.i.embedder.EclipseLogger - Using 'UTF-8' encoding to copy filtered resources.
2022-09-27 09:20:09,236 [Worker-18: Launching HookTestingMethods] INFO  o.e.m.c.i.embedder.EclipseLogger - Copying 0 resource
2022-09-27 09:20:09,237 [Worker-18: Launching HookTestingMethods] INFO  o.e.m.c.i.embedder.EclipseLogger - Using 'UTF-8' encoding to copy filtered resources.
2022-09-27 09:20:09,238 [Worker-18: Launching HookTestingMethods] INFO  o.e.m.c.i.embedder.EclipseLogger - Copying 0 resource
2022-09-27 09:22:48,468 [Worker-21: Launching HookTestingMethods] INFO  o.e.m.c.i.embedder.EclipseLogger - Using 'UTF-8' encoding to copy filtered resources.
2022-09-27 09:22:48,469 [Worker-21: Launching HookTestingMethods] INFO  o.e.m.c.i.embedder.EclipseLogger - Copying 0 resource
2022-09-27 09:22:48,471 [Worker-21: Launching HookTestingMethods] INFO  o.e.m.c.i.embedder.EclipseLogger - Using 'UTF-8' encoding to copy filtered resources.
2022-09-27 09:22:48,472 [Worker-21: Launching HookTestingMethods] INFO  o.e.m.c.i.embedder.EclipseLogger - Copying 0 resource
2022-09-27 09:28:30,601 [Worker-31: Building] INFO  o.e.m.c.i.embedder.EclipseLogger - Using 'UTF-8' encoding to copy filtered resources.
2022-09-27 09:28:30,602 [Worker-31: Building] INFO  o.e.m.c.i.embedder.EclipseLogger - Copying 0 resource
2022-09-27 09:28:30,603 [Worker-31: Building] INFO  o.e.m.c.i.embedder.EclipseLogger - Using 'UTF-8' encoding to copy filtered resources.
2022-09-27 09:28:30,603 [Worker-31: Building] INFO  o.e.m.c.i.embedder.EclipseLogger - Copying 0 resource
2022-09-27 09:35:22,822 [Worker-33: Building] INFO  o.e.m.c.i.embedder.EclipseLogger - Using 'UTF-8' encoding to copy filtered resources.
2022-09-27 09:35:22,823 [Worker-33: Building] INFO  o.e.m.c.i.embedder.EclipseLogger - Copying 0 resource
2022-09-27 09:35:22,825 [Worker-33: Building] INFO  o.e.m.c.i.embedder.EclipseLogger - Using 'UTF-8' encoding to copy filtered resources.
2022-09-27 09:35:22,825 [Worker-33: Building] INFO  o.e.m.c.i.embedder.EclipseLogger - Copying 0 resource
2022-09-27 09:37:53,751 [Worker-36: Launching TestNGSimpleApplication_src.test.java.mySuite.xml] INFO  o.e.m.c.i.embedder.EclipseLogger - Using 'UTF-8' encoding to copy filtered resources.
2022-09-27 09:37:53,752 [Worker-36: Launching TestNGSimpleApplication_src.test.java.mySuite.xml] INFO  o.e.m.c.i.embedder.EclipseLogger - Copying 0 resource
2022-09-27 09:37:53,754 [Worker-36: Launching TestNGSimpleApplication_src.test.java.mySuite.xml] INFO  o.e.m.c.i.embedder.EclipseLogger - Using 'UTF-8' encoding to copy filtered resources.
2022-09-27 09:37:53,755 [Worker-36: Launching TestNGSimpleApplication_src.test.java.mySuite.xml] INFO  o.e.m.c.i.embedder.EclipseLogger - Copying 0 resource
2022-09-27 09:46:08,715 [Worker-33: Building] INFO  o.e.m.c.i.embedder.EclipseLogger - Using 'UTF-8' encoding to copy filtered resources.
2022-09-27 09:46:08,715 [Worker-33: Building] INFO  o.e.m.c.i.embedder.EclipseLogger - Copying 0 resource
2022-09-27 09:46:08,716 [Worker-33: Building] INFO  o.e.m.c.i.embedder.EclipseLogger - Using 'UTF-8' encoding to copy filtered resources.
2022-09-27 09:46:08,717 [Worker-33: Building] INFO  o.e.m.c.i.embedder.EclipseLogger - Copying 0 resource
2022-09-27 09:46:16,963 [Worker-37: Launching TestNGSimpleApplication_src.test.java.mySuite.xml] INFO  o.e.m.c.i.embedder.EclipseLogger - Using 'UTF-8' encoding to copy filtered resources.
2022-09-27 09:46:16,963 [Worker-37: Launching TestNGSimpleApplication_src.test.java.mySuite.xml] INFO  o.e.m.c.i.embedder.EclipseLogger - Copying 0 resource
2022-09-27 09:46:16,964 [Worker-37: Launching TestNGSimpleApplication_src.test.java.mySuite.xml] INFO  o.e.m.c.i.embedder.EclipseLogger - Using 'UTF-8' encoding to copy filtered resources.
2022-09-27 09:46:16,965 [Worker-37: Launching TestNGSimpleApplication_src.test.java.mySuite.xml] INFO  o.e.m.c.i.embedder.EclipseLogger - Copying 0 resource
2022-09-27 09:47:53,448 [Worker-43: Building] INFO  o.e.m.c.i.embedder.EclipseLogger - Using 'UTF-8' encoding to copy filtered resources.
2022-09-27 09:47:53,449 [Worker-43: Building] INFO  o.e.m.c.i.embedder.EclipseLogger - Copying 0 resource
2022-09-27 09:47:53,450 [Worker-43: Building] INFO  o.e.m.c.i.embedder.EclipseLogger - Using 'UTF-8' encoding to copy filtered resources.
2022-09-27 09:47:53,450 [Worker-43: Building] INFO  o.e.m.c.i.embedder.EclipseLogger - Copying 0 resource
2022-09-27 09:53:27,310 [Worker-50: Building] INFO  o.e.m.c.i.embedder.EclipseLogger - Using 'UTF-8' encoding to copy filtered resources.
2022-09-27 09:53:27,310 [Worker-50: Building] INFO  o.e.m.c.i.embedder.EclipseLogger - Copying 0 resource
2022-09-27 09:53:27,311 [Worker-50: Building] INFO  o.e.m.c.i.embedder.EclipseLogger - Using 'UTF-8' encoding to copy filtered resources.
2022-09-27 09:53:27,312 [Worker-50: Building] INFO  o.e.m.c.i.embedder.EclipseLogger - Copying 0 resource
2022-09-27 09:57:42,820 [Worker-53: Building] INFO  o.e.m.c.i.embedder.EclipseLogger - Using 'UTF-8' encoding to copy filtered resources.
2022-09-27 09:57:42,821 [Worker-53: Building] INFO  o.e.m.c.i.embedder.EclipseLogger - Copying 0 resource
2022-09-27 09:57:42,822 [Worker-53: Building] INFO  o.e.m.c.i.embedder.EclipseLogger - Using 'UTF-8' encoding to copy filtered resources.
2022-09-27 09:57:42,824 [Worker-53: Building] INFO  o.e.m.c.i.embedder.EclipseLogger - Copying 0 resource
2022-09-27 09:58:17,031 [Worker-53: Building] INFO  o.e.m.c.i.embedder.EclipseLogger - Using 'UTF-8' encoding to copy filtered resources.
2022-09-27 09:58:17,032 [Worker-53: Building] INFO  o.e.m.c.i.embedder.EclipseLogger - Copying 0 resource
2022-09-27 09:58:17,033 [Worker-53: Building] INFO  o.e.m.c.i.embedder.EclipseLogger - Using 'UTF-8' encoding to copy filtered resources.
2022-09-27 09:58:17,034 [Worker-53: Building] INFO  o.e.m.c.i.embedder.EclipseLogger - Copying 0 resource
2022-09-27 10:01:13,717 [Worker-57: Launching TestNGSimpleApplication_src.test.java.Vehicle.xml] INFO  o.e.m.c.i.embedder.EclipseLogger - Using 'UTF-8' encoding to copy filtered resources.
2022-09-27 10:01:13,717 [Worker-57: Launching TestNGSimpleApplication_src.test.java.Vehicle.xml] INFO  o.e.m.c.i.embedder.EclipseLogger - Copying 0 resource
2022-09-27 10:01:13,720 [Worker-57: Launching TestNGSimpleApplication_src.test.java.Vehicle.xml] INFO  o.e.m.c.i.embedder.EclipseLogger - Using 'UTF-8' encoding to copy filtered resources.
2022-09-27 10:01:13,721 [Worker-57: Launching TestNGSimpleApplication_src.test.java.Vehicle.xml] INFO  o.e.m.c.i.embedder.EclipseLogger - Copying 0 resource
2022-09-27 10:07:14,417 [Worker-58: Launching TestNGSimpleApplication_src.test.java.Vehicle.xml] INFO  o.e.m.c.i.embedder.EclipseLogger - Using 'UTF-8' encoding to copy filtered resources.
2022-09-27 10:07:14,418 [Worker-58: Launching TestNGSimpleApplication_src.test.java.Vehicle.xml] INFO  o.e.m.c.i.embedder.EclipseLogger - Copying 0 resource
2022-09-27 10:07:14,419 [Worker-58: Launching TestNGSimpleApplication_src.test.java.Vehicle.xml] INFO  o.e.m.c.i.embedder.EclipseLogger - Using 'UTF-8' encoding to copy filtered resources.
2022-09-27 10:07:14,420 [Worker-58: Launching TestNGSimpleApplication_src.test.java.Vehicle.xml] INFO  o.e.m.c.i.embedder.EclipseLogger - Copying 0 resource
2022-09-27 10:14:37,178 [Worker-67: Launching TestNGSimpleApplication_src.test.java.Vehicle.xml] INFO  o.e.m.c.i.embedder.EclipseLogger - Using 'UTF-8' encoding to copy filtered resources.
2022-09-27 10:14:37,179 [Worker-67: Launching TestNGSimpleApplication_src.test.java.Vehicle.xml] INFO  o.e.m.c.i.embedder.EclipseLogger - Copying 0 resource
2022-09-27 10:14:37,180 [Worker-67: Launching TestNGSimpleApplication_src.test.java.Vehicle.xml] INFO  o.e.m.c.i.embedder.EclipseLogger - Using 'UTF-8' encoding to copy filtered resources.
2022-09-27 10:14:37,181 [Worker-67: Launching TestNGSimpleApplication_src.test.java.Vehicle.xml] INFO  o.e.m.c.i.embedder.EclipseLogger - Copying 0 resource
2022-09-27 10:19:50,110 [Worker-69: Building] INFO  o.e.m.c.i.embedder.EclipseLogger - Using 'UTF-8' encoding to copy filtered resources.
2022-09-27 10:19:50,111 [Worker-69: Building] INFO  o.e.m.c.i.embedder.EclipseLogger - Copying 0 resource
2022-09-27 10:19:50,112 [Worker-69: Building] INFO  o.e.m.c.i.embedder.EclipseLogger - Using 'UTF-8' encoding to copy filtered resources.
2022-09-27 10:19:50,112 [Worker-69: Building] INFO  o.e.m.c.i.embedder.EclipseLogger - Copying 0 resource
